<?xml version="1.0" encoding="UTF-8"?>
<testsuite name="DictionaryTest" tests="1" skipped="0" failures="0" errors="0" timestamp="2021-10-28T10:17:37" hostname="LAPTOP-NM7A8POQ" time="0.06">
  <properties/>
  <testcase name="testOneTranslation" classname="DictionaryTest" time="0.06"/>
  <system-out><![CDATA[]]></system-out>
  <system-err><![CDATA[]]></system-err>
</testsuite>
